#TYPE System.IO.FileInfo
"PSPath","PSParentPath","PSChildName","PSDrive","PSProvider","PSIsContainer","Mode","VersionInfo","BaseName","Target","LinkType","Name","Length","DirectoryName","Directory","IsReadOnly","Exists","FullName","Extension","CreationTime","CreationTimeUtc","LastAccessTime","LastAccessTimeUtc","LastWriteTime","LastWriteTimeUtc","Attributes"
"Microsoft.PowerShell.Core\FileSystem::C:\Users\champuser\SYS-320\week2\basic.ps1","Microsoft.PowerShell.Core\FileSystem::C:\Users\champuser\SYS-320\week2","basic.ps1","C","Microsoft.PowerShell.Core\FileSystem","False","-a----","File:             C:\Users\champuser\SYS-320\week2\basic.ps1
InternalName:     
OriginalFilename: 
FileVersion:      
FileDescription:  
Product:          
ProductVersion:   
Debug:            False
Patched:          False
PreRelease:       False
PrivateBuild:     False
SpecialBuild:     False
Language:         
","basic","System.Collections.Generic.List`1[System.String]",,"basic.ps1","0","C:\Users\champuser\SYS-320\week2","C:\Users\champuser\SYS-320\week2","False","True","C:\Users\champuser\SYS-320\week2\basic.ps1",".ps1","1/27/2026 9:55:28 PM","1/28/2026 2:55:28 AM","1/27/2026 9:55:28 PM","1/28/2026 2:55:28 AM","1/27/2026 9:04:29 PM","1/28/2026 2:04:29 AM","Archive"
"Microsoft.PowerShell.Core\FileSystem::C:\Users\champuser\SYS-320\week2\hi furkan.ps1","Microsoft.PowerShell.Core\FileSystem::C:\Users\champuser\SYS-320\week2","hi furkan.ps1","C","Microsoft.PowerShell.Core\FileSystem","False","-a----","File:             C:\Users\champuser\SYS-320\week2\hi furkan.ps1
InternalName:     
OriginalFilename: 
FileVersion:      
FileDescription:  
Product:          
ProductVersion:   
Debug:            False
Patched:          False
PreRelease:       False
PrivateBuild:     False
SpecialBuild:     False
Language:         
","hi furkan","System.Collections.Generic.List`1[System.String]",,"hi furkan.ps1","0","C:\Users\champuser\SYS-320\week2","C:\Users\champuser\SYS-320\week2","False","True","C:\Users\champuser\SYS-320\week2\hi furkan.ps1",".ps1","1/27/2026 9:55:28 PM","1/28/2026 2:55:28 AM","1/27/2026 9:55:28 PM","1/28/2026 2:55:28 AM","1/27/2026 9:04:58 PM","1/28/2026 2:04:58 AM","Archive"
"Microsoft.PowerShell.Core\FileSystem::C:\Users\champuser\SYS-320\week2\Powershell Basic Lab - 1.ps1","Microsoft.PowerShell.Core\FileSystem::C:\Users\champuser\SYS-320\week2","Powershell Basic Lab - 1.ps1","C","Microsoft.PowerShell.Core\FileSystem","False","-a----","File:             C:\Users\champuser\SYS-320\week2\Powershell Basic Lab - 1.ps1
InternalName:     
OriginalFilename: 
FileVersion:      
FileDescription:  
Product:          
ProductVersion:   
Debug:            False
Patched:          False
PreRelease:       False
PrivateBuild:     False
SpecialBuild:     False
Language:         
","Powershell Basic Lab - 1","System.Collections.Generic.List`1[System.String]",,"Powershell Basic Lab - 1.ps1","2159","C:\Users\champuser\SYS-320\week2","C:\Users\champuser\SYS-320\week2","False","True","C:\Users\champuser\SYS-320\week2\Powershell Basic Lab - 1.ps1",".ps1","1/27/2026 9:55:28 PM","1/28/2026 2:55:28 AM","1/27/2026 9:56:22 PM","1/28/2026 2:56:22 AM","1/27/2026 9:56:22 PM","1/28/2026 2:56:22 AM","Archive"
"Microsoft.PowerShell.Core\FileSystem::C:\Users\champuser\SYS-320\week2\test.ps1","Microsoft.PowerShell.Core\FileSystem::C:\Users\champuser\SYS-320\week2","test.ps1","C","Microsoft.PowerShell.Core\FileSystem","False","-a----","File:             C:\Users\champuser\SYS-320\week2\test.ps1
InternalName:     
OriginalFilename: 
FileVersion:      
FileDescription:  
Product:          
ProductVersion:   
Debug:            False
Patched:          False
PreRelease:       False
PrivateBuild:     False
SpecialBuild:     False
Language:         
","test","System.Collections.Generic.List`1[System.String]",,"test.ps1","0","C:\Users\champuser\SYS-320\week2","C:\Users\champuser\SYS-320\week2","False","True","C:\Users\champuser\SYS-320\week2\test.ps1",".ps1","1/27/2026 9:55:28 PM","1/28/2026 2:55:28 AM","1/27/2026 9:55:28 PM","1/28/2026 2:55:28 AM","1/27/2026 9:04:38 PM","1/28/2026 2:04:38 AM","Archive"
"Microsoft.PowerShell.Core\FileSystem::C:\Users\champuser\SYS-320\week2\virus.ps1","Microsoft.PowerShell.Core\FileSystem::C:\Users\champuser\SYS-320\week2","virus.ps1","C","Microsoft.PowerShell.Core\FileSystem","False","-a----","File:             C:\Users\champuser\SYS-320\week2\virus.ps1
InternalName:     
OriginalFilename: 
FileVersion:      
FileDescription:  
Product:          
ProductVersion:   
Debug:            False
Patched:          False
PreRelease:       False
PrivateBuild:     False
SpecialBuild:     False
Language:         
","virus","System.Collections.Generic.List`1[System.String]",,"virus.ps1","0","C:\Users\champuser\SYS-320\week2","C:\Users\champuser\SYS-320\week2","False","True","C:\Users\champuser\SYS-320\week2\virus.ps1",".ps1","1/27/2026 9:55:28 PM","1/28/2026 2:55:28 AM","1/27/2026 9:55:28 PM","1/28/2026 2:55:28 AM","1/27/2026 9:04:46 PM","1/28/2026 2:04:46 AM","Archive"
